<?xml version="1.0" encoding="UTF-8"?>
<!-- Generated by org.testng.reporters.JUnitReportReporter -->
<testsuite hostname="LAPTOP-5FIH6TMR" failures="0" tests="5" name="com.qa.opencart.tests.RegisterPageTest" time="1.593" errors="1" timestamp="2024-07-02T07:51:22 PDT" skipped="4">
  <testcase classname="com.qa.opencart.tests.RegisterPageTest" name="retSetup" time="1.592">
    <error message="element click intercepted: Element &lt;a href=&quot;https://naveenautomationlabs.com/opencart/index.php?route=account/register&quot; class=&quot;list-group-item&quot; style=&quot;background-color: rgb(255, 255, 255);&quot;&gt;...&lt;/a&gt; is not clickable at point (1070, 390). Other element would receive the click: &lt;ul class=&quot;list-unstyled&quot;&gt;...&lt;/ul&gt;
  (Session info: chrome=126.0.6478.127)
Build info: version: &#039;4.21.0&#039;, revision: &#039;79ed462ef4&#039;
System info: os.name: &#039;Windows 10&#039;, os.arch: &#039;amd64&#039;, os.version: &#039;10.0&#039;, java.version: &#039;11.0.20&#039;
Driver info: org.openqa.selenium.chrome.ChromeDriver
Command: [0ddfe9baeeb2138d0faa73d9363f9b76, clickElement {id=f.9336F7B9F3F051ED1E36B31DCB8596E6.d.303E02746BAC31950C972A99753AC33A.e.20}]
Capabilities {acceptInsecureCerts: false, browserName: chrome, browserVersion: 126.0.6478.127, chrome: {chromedriverVersion: 126.0.6478.126 (d36ace6122e..., userDataDir: C:\Users\rekha\AppData\Loca...}, fedcm:accounts: true, goog:chromeOptions: {debuggerAddress: localhost:63530}, networkConnectionEnabled: false, pageLoadStrategy: normal, platformName: windows, proxy: Proxy(), se:cdp: ws://localhost:63530/devtoo..., se:cdpVersion: 126.0.6478.127, setWindowRect: true, strictFileInteractability: false, timeouts: {implicit: 0, pageLoad: 300000, script: 30000}, unhandledPromptBehavior: dismiss and notify, webauthn:extension:credBlob: true, webauthn:extension:largeBlob: true, webauthn:extension:minPinLength: true, webauthn:extension:prf: true, webauthn:virtualAuthenticators: true}
Element: [[ChromeDriver: chrome on windows (0ddfe9baeeb2138d0faa73d9363f9b76)] -&gt; link text: Register]
Session ID: 0ddfe9baeeb2138d0faa73d9363f9b76" type="org.openqa.selenium.ElementClickInterceptedException">
      <![CDATA[org.openqa.selenium.ElementClickInterceptedException: element click intercepted: Element <a href="https://naveenautomationlabs.com/opencart/index.php?route=account/register" class="list-group-item" style="background-color: rgb(255, 255, 255);">...</a> is not clickable at point (1070, 390). Other element would receive the click: <ul class="list-unstyled">...</ul>
  (Session info: chrome=126.0.6478.127)
Build info: version: '4.21.0', revision: '79ed462ef4'
System info: os.name: 'Windows 10', os.arch: 'amd64', os.version: '10.0', java.version: '11.0.20'
Driver info: org.openqa.selenium.chrome.ChromeDriver
Command: [0ddfe9baeeb2138d0faa73d9363f9b76, clickElement {id=f.9336F7B9F3F051ED1E36B31DCB8596E6.d.303E02746BAC31950C972A99753AC33A.e.20}]
Capabilities {acceptInsecureCerts: false, browserName: chrome, browserVersion: 126.0.6478.127, chrome: {chromedriverVersion: 126.0.6478.126 (d36ace6122e..., userDataDir: C:\Users\rekha\AppData\Loca...}, fedcm:accounts: true, goog:chromeOptions: {debuggerAddress: localhost:63530}, networkConnectionEnabled: false, pageLoadStrategy: normal, platformName: windows, proxy: Proxy(), se:cdp: ws://localhost:63530/devtoo..., se:cdpVersion: 126.0.6478.127, setWindowRect: true, strictFileInteractability: false, timeouts: {implicit: 0, pageLoad: 300000, script: 30000}, unhandledPromptBehavior: dismiss and notify, webauthn:extension:credBlob: true, webauthn:extension:largeBlob: true, webauthn:extension:minPinLength: true, webauthn:extension:prf: true, webauthn:virtualAuthenticators: true}
Element: [[ChromeDriver: chrome on windows (0ddfe9baeeb2138d0faa73d9363f9b76)] -> link text: Register]
Session ID: 0ddfe9baeeb2138d0faa73d9363f9b76
at java.base/jdk.internal.reflect.NativeConstructorAccessorImpl.newInstance0(Native Method)
at java.base/jdk.internal.reflect.NativeConstructorAccessorImpl.newInstance(NativeConstructorAccessorImpl.java:62)
at java.base/jdk.internal.reflect.DelegatingConstructorAccessorImpl.newInstance(DelegatingConstructorAccessorImpl.java:45)
at java.base/java.lang.reflect.Constructor.newInstance(Constructor.java:490)
at org.openqa.selenium.remote.ErrorCodec.decode(ErrorCodec.java:167)
at org.openqa.selenium.remote.codec.w3c.W3CHttpResponseCodec.decode(W3CHttpResponseCodec.java:138)
at org.openqa.selenium.remote.codec.w3c.W3CHttpResponseCodec.decode(W3CHttpResponseCodec.java:50)
at org.openqa.selenium.remote.HttpCommandExecutor.execute(HttpCommandExecutor.java:190)
at org.openqa.selenium.remote.service.DriverCommandExecutor.invokeExecute(DriverCommandExecutor.java:216)
at org.openqa.selenium.remote.service.DriverCommandExecutor.execute(DriverCommandExecutor.java:174)
at org.openqa.selenium.remote.RemoteWebDriver.execute(RemoteWebDriver.java:518)
at org.openqa.selenium.remote.RemoteWebElement.execute(RemoteWebElement.java:223)
at org.openqa.selenium.remote.RemoteWebElement.click(RemoteWebElement.java:76)
at com.qa.opencart.utils.ElementUtil.doClick(ElementUtil.java:91)
at com.qa.opencart.pages.LoginPage.navigateToRegisterPage(LoginPage.java:51)
at com.qa.opencart.tests.RegisterPageTest.retSetup(RegisterPageTest.java:16)
at java.base/jdk.internal.reflect.NativeMethodAccessorImpl.invoke0(Native Method)
at java.base/jdk.internal.reflect.NativeMethodAccessorImpl.invoke(NativeMethodAccessorImpl.java:62)
at java.base/jdk.internal.reflect.DelegatingMethodAccessorImpl.invoke(DelegatingMethodAccessorImpl.java:43)
at java.base/java.lang.reflect.Method.invoke(Method.java:566)
at org.testng.internal.invokers.MethodInvocationHelper.invokeMethod(MethodInvocationHelper.java:139)
at org.testng.internal.invokers.MethodInvocationHelper.invokeMethodConsideringTimeout(MethodInvocationHelper.java:69)
at org.testng.internal.invokers.ConfigInvoker.invokeConfigurationMethod(ConfigInvoker.java:361)
at org.testng.internal.invokers.ConfigInvoker.invokeConfigurations(ConfigInvoker.java:296)
at org.testng.internal.invokers.TestMethodWorker.invokeBeforeClassMethods(TestMethodWorker.java:180)
at org.testng.internal.invokers.TestMethodWorker.run(TestMethodWorker.java:122)
at java.base/java.util.ArrayList.forEach(ArrayList.java:1541)
at org.testng.TestRunner.privateRun(TestRunner.java:829)
at org.testng.TestRunner.run(TestRunner.java:602)
at org.testng.SuiteRunner.runTest(SuiteRunner.java:437)
at org.testng.SuiteRunner$SuiteWorker.run(SuiteRunner.java:475)
at org.testng.internal.thread.ThreadUtil.lambda$execute$0(ThreadUtil.java:58)
at java.base/java.util.concurrent.FutureTask.run(FutureTask.java:264)
at java.base/java.util.concurrent.ThreadPoolExecutor.runWorker(ThreadPoolExecutor.java:1128)
at java.base/java.util.concurrent.ThreadPoolExecutor$Worker.run(ThreadPoolExecutor.java:628)
at java.base/java.lang.Thread.run(Thread.java:834)
]]>
    </error>
  </testcase> <!-- retSetup -->
  <system-out/>
  <testcase classname="com.qa.opencart.tests.RegisterPageTest" name="userRegistrationTest" time="0.000">
    <skipped/>
  </testcase> <!-- userRegistrationTest -->
  <system-out/>
  <testcase classname="com.qa.opencart.tests.RegisterPageTest" name="userRegistrationTest" time="0.000">
    <skipped/>
  </testcase> <!-- userRegistrationTest -->
  <system-out/>
  <testcase classname="com.qa.opencart.tests.RegisterPageTest" name="userRegistrationTest" time="0.001">
    <skipped/>
  </testcase> <!-- userRegistrationTest -->
  <system-out/>
  <testcase classname="com.qa.opencart.tests.RegisterPageTest" name="userRegistrationTest" time="0.000">
    <skipped/>
  </testcase> <!-- userRegistrationTest -->
  <system-out/>
</testsuite> <!-- com.qa.opencart.tests.RegisterPageTest -->
